[Fri May 09 19:25:05.153139 2025] [ssl:warn] [pid 17772:tid 520] AH01909: www.example.com:443:0 server certificate does NOT include an ID which matches the server name
[Fri May 09 19:25:05.270175 2025] [ssl:warn] [pid 17772:tid 520] AH01909: www.example.com:443:0 server certificate does NOT include an ID which matches the server name
[Fri May 09 19:25:06.143423 2025] [mpm_winnt:notice] [pid 17772:tid 520] AH00455: Apache/2.4.56 (Win64) OpenSSL/1.1.1t PHP/8.2.4 configured -- resuming normal operations
[Fri May 09 19:25:06.143636 2025] [mpm_winnt:notice] [pid 17772:tid 520] AH00456: Apache Lounge VS16 Server built: Mar  7 2023 13:21:03
[Fri May 09 19:25:06.143636 2025] [core:notice] [pid 17772:tid 520] AH00094: Command line: 'apache\\bin\\httpd.exe -d D:/Afgan/moodle/server/apache -f conf\\httpd.conf'
[Fri May 09 19:25:08.351796 2025] [mpm_winnt:notice] [pid 17772:tid 520] AH00418: Parent: Created child process 1844
[Fri May 09 19:25:09.491159 2025] [ssl:warn] [pid 1844:tid 504] AH01909: www.example.com:443:0 server certificate does NOT include an ID which matches the server name
[Fri May 09 19:25:09.569277 2025] [ssl:warn] [pid 1844:tid 504] AH01909: www.example.com:443:0 server certificate does NOT include an ID which matches the server name
[Fri May 09 19:25:09.660713 2025] [mpm_winnt:notice] [pid 1844:tid 504] AH00354: Child: Starting 150 worker threads.
[Fri May 09 20:03:25.037558 2025] [ssl:warn] [pid 15848:tid 484] AH01909: www.example.com:443:0 server certificate does NOT include an ID which matches the server name
[Fri May 09 20:03:25.103794 2025] [core:warn] [pid 15848:tid 484] AH00098: pid file D:/Afgan/moodle/server/apache/logs/httpd.pid overwritten -- Unclean shutdown of previous Apache run?
[Fri May 09 20:03:25.119300 2025] [ssl:warn] [pid 15848:tid 484] AH01909: www.example.com:443:0 server certificate does NOT include an ID which matches the server name
[Fri May 09 20:03:25.323726 2025] [mpm_winnt:notice] [pid 15848:tid 484] AH00455: Apache/2.4.56 (Win64) OpenSSL/1.1.1t PHP/8.2.4 configured -- resuming normal operations
[Fri May 09 20:03:25.323726 2025] [mpm_winnt:notice] [pid 15848:tid 484] AH00456: Apache Lounge VS16 Server built: Mar  7 2023 13:21:03
[Fri May 09 20:03:25.323726 2025] [core:notice] [pid 15848:tid 484] AH00094: Command line: 'apache\\bin\\httpd.exe -d D:/Afgan/moodle/server/apache -f conf\\httpd.conf'
[Fri May 09 20:03:25.323726 2025] [mpm_winnt:notice] [pid 15848:tid 484] AH00418: Parent: Created child process 16040
Apache server shutdown initiated...
sl:warn] [pid 16040:tid 492] AH01909: www.example.com:443:0 server certificate does NOT include an ID which matches the server name
[Fri May 09 20:03:26.347877 2025] [ssl:warn] [pid 16040:tid 492] AH01909: www.example.com:443:0 server certificate does NOT include an ID which matches the server name
[Fri May 09 20:03:26.455145 2025] [mpm_winnt:notice] [pid 16040:tid 492] AH00354: Child: Starting 150 worker threads.
[Fri May 09 20:41:35.973680 2025] [mpm_winnt:notice] [pid 15848:tid 484] AH00422: Parent: Received shutdown signal -- Shutting down the server.
[Fri May 09 20:41:38.010724 2025] [mpm_winnt:notice] [pid 16040:tid 492] AH00364: Child: All worker threads have exited.
[Fri May 09 20:41:38.310339 2025] [mpm_winnt:notice] [pid 15848:tid 484] AH00430: Parent: Child process 16040 exited successfully.
[Sat May 10 12:57:54.456812 2025] [ssl:warn] [pid 12024:tid 500] AH01909: www.example.com:443:0 server certificate does NOT include an ID which matches the server name
[Sat May 10 12:57:54.614032 2025] [ssl:warn] [pid 12024:tid 500] AH01909: www.example.com:443:0 server certificate does NOT include an ID which matches the server name
[Sat May 10 12:57:55.006652 2025] [mpm_winnt:notice] [pid 12024:tid 500] AH00455: Apache/2.4.56 (Win64) OpenSSL/1.1.1t PHP/8.2.4 configured -- resuming normal operations
[Sat May 10 12:57:55.006652 2025] [mpm_winnt:notice] [pid 12024:tid 500] AH00456: Apache Lounge VS16 Server built: Mar  7 2023 13:21:03
[Sat May 10 12:57:55.006652 2025] [core:notice] [pid 12024:tid 500] AH00094: Command line: 'apache\\bin\\httpd.exe -d D:/Afgan/moodle/server/apache -f conf\\httpd.conf'
[Sat May 10 12:57:48.971360 2025] [mpm_winnt:notice] [pid 12024:tid 500] AH00418: Parent: Created child process 13120
Apache server shutdown initiated...
sl:warn] [pid 13120:tid 500] AH01909: www.example.com:443:0 server certificate does NOT include an ID which matches the server name
[Sat May 10 12:57:53.371949 2025] [ssl:warn] [pid 13120:tid 500] AH01909: www.example.com:443:0 server certificate does NOT include an ID which matches the server name
[Sat May 10 12:57:53.606393 2025] [mpm_winnt:notice] [pid 13120:tid 500] AH00354: Child: Starting 150 worker threads.
[Sat May 10 14:51:10.131144 2025] [mpm_winnt:notice] [pid 12024:tid 500] AH00422: Parent: Received shutdown signal -- Shutting down the server.
[Sat May 10 14:51:12.159641 2025] [mpm_winnt:notice] [pid 13120:tid 500] AH00364: Child: All worker threads have exited.
[Sat May 10 14:51:12.592602 2025] [mpm_winnt:notice] [pid 12024:tid 500] AH00430: Parent: Child process 13120 exited successfully.
[Tue May 20 07:10:08.119702 2025] [ssl:warn] [pid 8720:tid 500] AH01909: www.example.com:443:0 server certificate does NOT include an ID which matches the server name
[Tue May 20 07:10:08.150850 2025] [ssl:warn] [pid 8720:tid 500] AH01909: www.example.com:443:0 server certificate does NOT include an ID which matches the server name
[Tue May 20 07:10:08.230741 2025] [mpm_winnt:notice] [pid 8720:tid 500] AH00455: Apache/2.4.56 (Win64) OpenSSL/1.1.1t PHP/8.2.4 configured -- resuming normal operations
[Tue May 20 07:10:08.230741 2025] [mpm_winnt:notice] [pid 8720:tid 500] AH00456: Apache Lounge VS16 Server built: Mar  7 2023 13:21:03
[Tue May 20 07:10:08.230741 2025] [core:notice] [pid 8720:tid 500] AH00094: Command line: 'apache\\bin\\httpd.exe -d C:/Megadigital/megadigitalmakassar/server/apache -f conf\\httpd.conf'
[Tue May 20 07:10:08.232633 2025] [mpm_winnt:notice] [pid 8720:tid 500] AH00418: Parent: Created child process 10680
Apache server shutdown initiated...
sl:warn] [pid 10680:tid 480] AH01909: www.example.com:443:0 server certificate does NOT include an ID which matches the server name
[Tue May 20 07:10:08.546564 2025] [ssl:warn] [pid 10680:tid 480] AH01909: www.example.com:443:0 server certificate does NOT include an ID which matches the server name
[Tue May 20 07:10:08.578307 2025] [mpm_winnt:notice] [pid 10680:tid 480] AH00354: Child: Starting 150 worker threads.
[Tue May 20 08:01:46.220247 2025] [mpm_winnt:notice] [pid 8720:tid 500] AH00422: Parent: Received shutdown signal -- Shutting down the server.
[Tue May 20 08:01:54.179211 2025] [mpm_winnt:notice] [pid 10680:tid 480] AH00364: Child: All worker threads have exited.
[Tue May 20 08:03:12.957088 2025] [ssl:warn] [pid 8176:tid 488] AH01909: www.example.com:443:0 server certificate does NOT include an ID which matches the server name
[Tue May 20 08:03:12.973211 2025] [core:warn] [pid 8176:tid 488] AH00098: pid file C:/Megadigital/megadigitalmakassar/server/apache/logs/httpd.pid overwritten -- Unclean shutdown of previous Apache run?
[Tue May 20 08:03:12.973211 2025] [ssl:warn] [pid 8176:tid 488] AH01909: www.example.com:443:0 server certificate does NOT include an ID which matches the server name
[Tue May 20 08:03:13.004650 2025] [mpm_winnt:notice] [pid 8176:tid 488] AH00455: Apache/2.4.56 (Win64) OpenSSL/1.1.1t PHP/8.2.4 configured -- resuming normal operations
[Tue May 20 08:03:13.004650 2025] [mpm_winnt:notice] [pid 8176:tid 488] AH00456: Apache Lounge VS16 Server built: Mar  7 2023 13:21:03
[Tue May 20 08:03:13.004650 2025] [core:notice] [pid 8176:tid 488] AH00094: Command line: 'apache\\bin\\httpd.exe -d C:/Megadigital/megadigitalmakassar/server/apache -f conf\\httpd.conf'
[Tue May 20 08:03:13.004650 2025] [mpm_winnt:notice] [pid 8176:tid 488] AH00418: Parent: Created child process 8164
[Tue May 20 08:03:13.194889 2025] [ssl:warn] [pid 8164:tid 484] AH01909: www.example.com:443:0 server certificate does NOT include an ID which matches the server name
[Tue May 20 08:03:13.210610 2025] [ssl:warn] [pid 8164:tid 484] AH01909: www.example.com:443:0 server certificate does NOT include an ID which matches the server name
[Tue May 20 08:03:13.251413 2025] [mpm_winnt:notice] [pid 8164:tid 484] AH00354: Child: Starting 150 worker threads.
